\BOOKMARK [0][-]{section*.2}{\376\377\144\130\000\040\211\201}{}% 1
\BOOKMARK [0][-]{section*.4}{Abstract}{}% 2
\BOOKMARK [0][-]{section*.5}{\376\377\166\356\000\040\137\125}{}% 3
\BOOKMARK [0][-]{section*.7}{\376\377\126\376\137\142\122\027\210\150}{}% 4
\BOOKMARK [0][-]{section*.9}{\376\377\210\150\150\074\122\027\210\150}{}% 5
\BOOKMARK [0][-]{section*.12}{\376\377\173\046\123\367\122\027\210\150}{}% 6
\BOOKMARK [0][-]{chapter.1}{\376\377\173\054\0001\172\340\000\040\000\040\137\025\212\000}{}% 7
\BOOKMARK [1][-]{section.1.1}{\376\377\0001\000.\0001\000\040\174\222\133\120\162\151\164\006\133\146\173\200\116\313}{chapter.1}% 8
\BOOKMARK [1][-]{section.1.2}{\376\377\0001\000.\0002\000\040\213\272\145\207\140\073\217\360\123\312\176\323\147\204}{chapter.1}% 9
\BOOKMARK [0][-]{chapter.2}{\376\377\173\054\0002\172\340\000\040\000\040\174\222\133\120\162\151\164\006\150\007\121\306\152\041\127\213}{}% 10
\BOOKMARK [0][-]{chapter.3}{\376\377\173\054\0003\172\340\000\040\000\040\131\047\127\213\137\072\133\120\133\371\144\236\147\072\124\214\000A\000T\000L\000A\000S\143\242\155\113\126\150}{}% 11
\BOOKMARK [1][-]{section.3.1}{3.1\040LHC}{chapter.3}% 12
\BOOKMARK [1][-]{section.3.2}{3.2\040ATLAS}{chapter.3}% 13
\BOOKMARK [0][-]{chapter.4}{\376\377\173\054\0004\172\340\000\040\000\040\000A\000T\000L\000A\000S\143\242\155\113\126\150\116\012\166\204\174\222\133\120\221\315\136\372\124\214\222\164\122\053}{}% 14
\BOOKMARK [0][-]{chapter.5}{\376\377\173\054\0005\172\340\000\040\000\040\000A\000T\000L\000A\000S\143\242\155\113\126\150\116\012\220\032\217\307\000V\000B\000F\000\040\000H\000\040\003\263\003\263\217\307\172\013\155\113\221\317\136\014\150\074\145\257\174\222\133\120\000C\000P\140\047\215\050}{}% 15
\BOOKMARK [0][-]{chapter.6}{\376\377\173\054\0006\172\340\000\040\000\040\163\257\137\142\153\143\215\037\165\065\133\120\133\371\144\236\147\072}{}% 16
\BOOKMARK [0][-]{chapter.7}{\376\377\173\054\0007\172\340\000\040\000\040\000C\000E\000P\000C\116\012\174\222\133\120\155\101\221\317\200\375\126\150\151\202\137\365\213\276\213\241}{}% 17
\BOOKMARK [0][-]{chapter.8}{\376\377\173\054\0008\172\340\000\040\000\040\146\166\117\123\165\065\170\301\221\317\200\375\126\150\221\315\136\372\173\227\154\325\166\204\137\000\123\321}{}% 18
\BOOKMARK [0][-]{chapter.9}{\376\377\173\054\0009\172\340\000\040\000\040\000C\000E\000P\000C\116\012\003\303\000\050\000Z\000H\000\051\000\327\000B\000r\000\050\000H\000\040\003\263\003\263\000\051\155\113\221\317\174\276\136\246\166\204\170\024\172\166}{}% 19
\BOOKMARK [0][-]{chapter.10}{\376\377\173\054\0001\0000\172\340\000\040\000\040\140\073\176\323}{}% 20
\BOOKMARK [0][-]{appendix.A}{\376\377\226\104\137\125\000\040\000A\000\040\000\040\226\104\137\125}{}% 21
\BOOKMARK [0][-]{section*.16}{\376\377\123\302\200\003\145\207\163\056}{}% 22
\BOOKMARK [0][-]{appendix*.17}{\376\377\201\364\214\042}{}% 23
\BOOKMARK [0][-]{appendix*.18}{\376\377\117\134\200\005\173\200\123\206\123\312\145\073\213\373\133\146\117\115\147\037\225\364\123\321\210\150\166\204\133\146\147\057\213\272\145\207\116\016\170\024\172\166\142\020\147\234}{}% 24
\BOOKMARK [1][-]{section.A.1}{\376\377\000A\000.\0001\000\040\145\131\200\262\176\317\123\206\377\032}{appendix*.18}% 25
